{"/Users/mdomichard/Documents/GitHub/Vuejs/codeurnomade/src/main.ts": {"path":"/Users/mdomichard/Documents/GitHub/Vuejs/codeurnomade/src/main.ts","statementMap":{"0":{"start":{"line":1,"column":0},"end":{"line":1,"column":32}},"1":{"start":{"line":2,"column":0},"end":{"line":2,"column":28}},"2":{"start":{"line":4,"column":0},"end":{"line":4,"column":29}}},"fnMap":{},"branchMap":{},"s":{"0":0,"1":0,"2":0},"f":{},"b":{}}
,"/Users/mdomichard/Documents/GitHub/Vuejs/codeurnomade/src/shims-vue.d.ts": {"path":"/Users/mdomichard/Documents/GitHub/Vuejs/codeurnomade/src/shims-vue.d.ts","statementMap":{},"fnMap":{},"branchMap":{},"s":{},"f":{},"b":{},"inputSourceMap":null}
,"/Users/mdomichard/Documents/GitHub/Vuejs/codeurnomade/src/services/api.service.ts": {"path":"/Users/mdomichard/Documents/GitHub/Vuejs/codeurnomade/src/services/api.service.ts","statementMap":{"0":{"start":{"line":3,"column":0},"end":{"line":3,"column":45}},"1":{"start":{"line":17,"column":39},"end":{"line":17,"column":43}},"2":{"start":{"line":18,"column":47},"end":{"line":18,"column":51}},"3":{"start":{"line":22,"column":4},"end":{"line":24,"column":7}},"4":{"start":{"line":31,"column":4},"end":{"line":31,"column":79}},"5":{"start":{"line":37,"column":4},"end":{"line":44,"column":null}},"6":{"start":{"line":43,"column":6},"end":{"line":43,"column":13}},"7":{"start":{"line":46,"column":21},"end":{"line":46,"column":54}},"8":{"start":{"line":48,"column":4},"end":{"line":58,"column":null}},"9":{"start":{"line":49,"column":23},"end":{"line":49,"column":49}},"10":{"start":{"line":50,"column":6},"end":{"line":50,"column":52}},"11":{"start":{"line":53,"column":24},"end":{"line":53,"column":55}},"12":{"start":{"line":54,"column":18},"end":{"line":54,"column":28}},"13":{"start":{"line":55,"column":6},"end":{"line":55,"column":71}},"14":{"start":{"line":57,"column":6},"end":{"line":57,"column":71}},"15":{"start":{"line":66,"column":4},"end":{"line":66,"column":30}},"16":{"start":{"line":68,"column":16},"end":{"line":68,"column":70}},"17":{"start":{"line":70,"column":21},"end":{"line":76,"column":null}},"18":{"start":{"line":80,"column":4},"end":{"line":80,"column":42}},"19":{"start":{"line":85,"column":4},"end":{"line":85,"column":30}},"20":{"start":{"line":15,"column":0},"end":{"line":15,"column":13}}},"fnMap":{"0":{"name":"(anonymous_1)","decl":{"start":{"line":20,"column":2},"end":{"line":20,"column":null}},"loc":{"start":{"line":20,"column":2},"end":{"line":25,"column":3}}},"1":{"name":"(anonymous_2)","decl":{"start":{"line":27,"column":9},"end":{"line":27,"column":32}},"loc":{"start":{"line":29,"column":20},"end":{"line":32,"column":3}}},"2":{"name":"(anonymous_3)","decl":{"start":{"line":35,"column":10},"end":{"line":35,"column":15}},"loc":{"start":{"line":35,"column":28},"end":{"line":59,"column":3}}},"3":{"name":"(anonymous_4)","decl":{"start":{"line":62,"column":9},"end":{"line":62,"column":14}},"loc":{"start":{"line":64,"column":20},"end":{"line":81,"column":3}}},"4":{"name":"(anonymous_5)","decl":{"start":{"line":84,"column":9},"end":{"line":84,"column":25}},"loc":{"start":{"line":84,"column":25},"end":{"line":86,"column":3}}}},"branchMap":{"0":{"loc":{"start":{"line":37,"column":4},"end":{"line":44,"column":null}},"type":"if","locations":[{"start":{"line":37,"column":4},"end":{"line":44,"column":null}}]},"1":{"loc":{"start":{"line":38,"column":6},"end":{"line":41,"column":70}},"type":"binary-expr","locations":[{"start":{"line":38,"column":6},"end":{"line":38,"column":22}},{"start":{"line":39,"column":6},"end":{"line":39,"column":32}},{"start":{"line":40,"column":6},"end":{"line":41,"column":70}}]}},"s":{"0":0,"1":0,"2":0,"3":0,"4":0,"5":0,"6":0,"7":0,"8":0,"9":0,"10":0,"11":0,"12":0,"13":0,"14":0,"15":0,"16":0,"17":0,"18":0,"19":0,"20":0},"f":{"0":0,"1":0,"2":0,"3":0,"4":0},"b":{"0":[0],"1":[0,0,0]}}
,"/Users/mdomichard/Documents/GitHub/Vuejs/codeurnomade/src/services/data-processing.service.ts": {"path":"/Users/mdomichard/Documents/GitHub/Vuejs/codeurnomade/src/services/data-processing.service.ts","statementMap":{"0":{"start":{"line":15,"column":22},"end":{"line":15,"column":56}},"1":{"start":{"line":18,"column":27},"end":{"line":20,"column":null}},"2":{"start":{"line":19,"column":24},"end":{"line":19,"column":37}},"3":{"start":{"line":24,"column":46},"end":{"line":29,"column":6}},"4":{"start":{"line":25,"column":35},"end":{"line":25,"column":64}},"5":{"start":{"line":26,"column":25},"end":{"line":26,"column":70}},"6":{"start":{"line":27,"column":32},"end":{"line":27,"column":54}},"7":{"start":{"line":28,"column":6},"end":{"line":28,"column":57}},"8":{"start":{"line":32,"column":4},"end":{"line":32,"column":60}},"9":{"start":{"line":32,"column":31},"end":{"line":32,"column":58}},"10":{"start":{"line":35,"column":29},"end":{"line":35,"column":97}},"11":{"start":{"line":35,"column":75},"end":{"line":35,"column":93}},"12":{"start":{"line":36,"column":23},"end":{"line":36,"column":45}},"13":{"start":{"line":37,"column":4},"end":{"line":37,"column":44}},"14":{"start":{"line":39,"column":4},"end":{"line":39,"column":23}},"15":{"start":{"line":5,"column":0},"end":{"line":5,"column":13}}},"fnMap":{"0":{"name":"(anonymous_0)","decl":{"start":{"line":13,"column":9},"end":{"line":13,"column":37}},"loc":{"start":{"line":13,"column":68},"end":{"line":40,"column":3}}},"1":{"name":"(anonymous_1)","decl":{"start":{"line":19,"column":6},"end":{"line":19,"column":7}},"loc":{"start":{"line":19,"column":24},"end":{"line":19,"column":37}}},"2":{"name":"(anonymous_2)","decl":{"start":{"line":24,"column":60},"end":{"line":24,"column":68}},"loc":{"start":{"line":24,"column":71},"end":{"line":29,"column":5}}},"3":{"name":"(anonymous_3)","decl":{"start":{"line":32,"column":21},"end":{"line":32,"column":22}},"loc":{"start":{"line":32,"column":31},"end":{"line":32,"column":58}}},"4":{"name":"(anonymous_4)","decl":{"start":{"line":35,"column":48},"end":{"line":35,"column":49}},"loc":{"start":{"line":35,"column":75},"end":{"line":35,"column":93}}}},"branchMap":{"0":{"loc":{"start":{"line":25,"column":35},"end":{"line":25,"column":64}},"type":"binary-expr","locations":[{"start":{"line":25,"column":35},"end":{"line":25,"column":59}},{"start":{"line":25,"column":63},"end":{"line":25,"column":64}}]}},"s":{"0":1,"1":1,"2":10,"3":1,"4":10,"5":10,"6":10,"7":10,"8":1,"9":24,"10":1,"11":10,"12":1,"13":1,"14":1,"15":1},"f":{"0":1,"1":10,"2":10,"3":24,"4":10},"b":{"0":[10,0]}}
}
